[debug] [2021-12-23T11:24:58.291Z] ----------------------------------------------------------------------
[debug] [2021-12-23T11:24:58.293Z] Command:       C:\Program Files\nodejs\node.exe C:\Users\Anwar\AppData\Roaming\npm\node_modules\firebase-tools\lib\bin\firebase.js init
[debug] [2021-12-23T11:24:58.293Z] CLI Version:   10.0.1
[debug] [2021-12-23T11:24:58.293Z] Platform:      win32
[debug] [2021-12-23T11:24:58.294Z] Node Version:  v16.13.1
[debug] [2021-12-23T11:24:58.294Z] Time:          Thu Dec 23 2021 17:24:58 GMT+0600 (Bangladesh Standard Time)
[debug] [2021-12-23T11:24:58.294Z] ----------------------------------------------------------------------
[debug] 
[debug] [2021-12-23T11:24:58.300Z] > command requires scopes: ["email","openid","https://www.googleapis.com/auth/cloudplatformprojects.readonly","https://www.googleapis.com/auth/firebase","https://www.googleapis.com/auth/cloud-platform"]
[debug] [2021-12-23T11:24:58.300Z] > authorizing via signed-in user (noorsan809@gmail.com)
[info] 
     ######## #### ########  ######## ########     ###     ######  ########
     ##        ##  ##     ## ##       ##     ##  ##   ##  ##       ##
     ######    ##  ########  ######   ########  #########  ######  ######
     ##        ##  ##    ##  ##       ##     ## ##     ##       ## ##
     ##       #### ##     ## ######## ########  ##     ##  ######  ########

You're about to initialize a Firebase project in this directory:

  C:\web-development\emajhon-simple

Before we get started, keep in mind:

  * You are currently outside your home directory

